INFO:root:Iniciando o processo de carga
INFO:root:Acesso ao site
INFO:root:Download arquivos
INFO:root:Descompactando arquivo
INFO:root:Descompactando arquivo
INFO:root:Descompactando arquivo
INFO:root:Descompactando arquivo
INFO:root:Descompactando arquivo
INFO:root:Descompactando arquivo
INFO:root:Descompactando arquivo
INFO:root:Descompactando arquivo
INFO:root:Descompactando arquivo
INFO:root:Descompactando arquivo
INFO:root:Descompactando arquivo
INFO:root:Descompactando arquivo
INFO:root:Descompactando arquivo
INFO:root:Descompactando arquivo
INFO:root:Descompactando arquivo
INFO:root:Descompactando arquivo
INFO:root:Descompactando arquivo
INFO:root:Descompactando arquivo
INFO:root:Descompactando arquivo
INFO:root:Descompactando arquivo
INFO:root:Descompactando arquivo
INFO:root:Descompactando arquivo
INFO:root:Descompactando arquivo
INFO:root:Descompactando arquivo
INFO:root:Descompactando arquivo
INFO:root:Descompactando arquivo
INFO:root:Descompactando arquivo
INFO:root:Descompactando arquivo
INFO:root:Descompactando arquivo
INFO:root:Descompactando arquivo
INFO:root:Descompactando arquivo
INFO:root:Descompactando arquivo
INFO:root:Descompactando arquivo
INFO:root:Descompactando arquivo
INFO:root:Descompactando arquivo
INFO:root:Descompactando arquivo
INFO:root:Descompactando arquivo
INFO:root:LER E INSERIR DADOS
INFO:root:Separar arquivos
INFO:root: Acesso Banco de dados
